The system is: Windows - 10.0.19043 - AMD64
Compiling the C compiler identification source file "CMakeCCompilerId.c" succeeded.
Compiler: C:/Program Files (x86)/Microsoft Visual Studio/2019/Enterprise/VC/Tools/MSVC/14.29.30037/bin/Hostx86/x86/cl.exe 
Build flags: 
Id flags:  

The output was:
0
Microsoft (R) C/C++ Optimizing Compiler Version 19.29.30037 for x86
Copyright (C) Microsoft Corporation.  All rights reserved.

CMakeCCompilerId.c
Microsoft (R) Incremental Linker Version 14.29.30037.0
Copyright (C) Microsoft Corporation.  All rights reserved.

/out:CMakeCCompilerId.exe 
CMakeCCompilerId.obj 


Compilation of the C compiler identification source "CMakeCCompilerId.c" produced "CMakeCCompilerId.exe"

Compilation of the C compiler identification source "CMakeCCompilerId.c" produced "CMakeCCompilerId.obj"

The C compiler identification is MSVC, found in "C:/Users/Tobias Rosenvinge/Documents/GitHub/repos/Datastructure-CLang/cmake-build-debug/CMakeFiles/3.20.2/CompilerIdC/CMakeCCompilerId.exe"

Detecting C compiler ABI info compiled with the following output:
Change Dir: C:/Users/Tobias Rosenvinge/Documents/GitHub/repos/Datastructure-CLang/cmake-build-debug/CMakeFiles/CMakeTmp

Run Build Command(s):nmake -f Makefile /nologo cmTC_fa74f\fast && 	"C:\Program Files (x86)\Microsoft Visual Studio\2019\Enterprise\VC\Tools\MSVC\14.29.30037\bin\HostX86\x86\nmake.exe"  -f CMakeFiles\cmTC_fa74f.dir\build.make /nologo -L                  CMakeFiles\cmTC_fa74f.dir\build
Building C object CMakeFiles/cmTC_fa74f.dir/CMakeCCompilerABI.c.obj
	"C:\Program Files\JetBrains\CLion 2021.2.2\bin\cmake\win\bin\cmake.exe" -E cmake_cl_compile_depends --dep-file=CMakeFiles\cmTC_fa74f.dir\CMakeCCompilerABI.c.obj.d --working-dir="C:\Users\Tobias Rosenvinge\Documents\GitHub\repos\Datastructure-CLang\cmake-build-debug\CMakeFiles\CMakeTmp" --filter-prefix="" -- C:\PROGRA~2\MICROS~2\2019\ENTERP~1\VC\Tools\MSVC\1429~1.300\bin\Hostx86\x86\cl.exe @C:\Users\TOBIAS~1\AppData\Local\Temp\nm6BD.tmp
Linking C executable cmTC_fa74f.exe
	"C:\Program Files\JetBrains\CLion 2021.2.2\bin\cmake\win\bin\cmake.exe" -E vs_link_exe --intdir=CMakeFiles\cmTC_fa74f.dir --rc=C:\PROGRA~2\WI3CF2~1\10\bin\100190~1.0\x86\rc.exe --mt=C:\PROGRA~2\WI3CF2~1\10\bin\100190~1.0\x86\mt.exe --manifests -- C:\PROGRA~2\MICROS~2\2019\ENTERP~1\VC\Tools\MSVC\1429~1.300\bin\Hostx86\x86\link.exe /nologo @CMakeFiles\cmTC_fa74f.dir\objects1.rsp @C:\Users\TOBIAS~1\AppData\Local\Temp\nm77A.tmp



